Added Component: Designator=C1(0603C)
Added Component: Designator=C2(0603C)
Added Component: Designator=C3(0603C)
Added Component: Designator=C4(0603C)
Added Component: Designator=C5(0603C)
Added Component: Designator=C6(0603C)
Added Component: Designator=C7(0603C)
Added Component: Designator=C8(0603C)
Added Component: Designator=C9(0603C)
Added Component: Designator=C10(0603C)
Added Component: Designator=C11(0603C)
Added Component: Designator=C12(0603C)
Added Component: Designator=C13(0603C)
Added Component: Designator=D1(ÌùÆ¬¶þ¼«¹Ü)
Added Component: Designator=J1(HDR1X4)
Added Component: Designator=J2(HDR1X6)
Added Component: Designator=J3(HDR1X4)
Added Component: Designator=L1(IND-SMD_L4.0-W4.0_SMNR4020)
Added Component: Designator=L2(IND-SMD_L4.0-W4.0_SMNR4020)
Added Component: Designator=P1(HDR1X2)
Added Component: Designator=P2(HDR1X2)
Added Component: Designator=R1(0603R)
Added Component: Designator=R2(0603R)
Added Component: Designator=R3(0603R)
Added Component: Designator=R4(0603R)
Added Component: Designator=R5(0603R)
Added Component: Designator=R6(0603R)
Added Component: Designator=R7(0603R)
Added Component: Designator=R8(0603R)
Added Component: Designator=R9(0603R)
Added Component: Designator=R10(0603R)
Added Component: Designator=SW1(SW-1)
Added Component: Designator=U1(VSON-10_L3.0-W3.0-P0.50-BL-EP)
Added Component: Designator=U2(SON-10_L3.1-W3.1-P0.50-BL-EP)
Added Component: Designator=U3(TQFP48)
Added Component: Designator=U4(PE32(915T30S))
Added Component: Designator=Y1(XTAL)
Added Pin To Net: NetName=+3.3V Pin=C6-2
Added Pin To Net: NetName=+3.3V Pin=C7-2
Added Pin To Net: NetName=+3.3V Pin=C11-1
Added Pin To Net: NetName=+3.3V Pin=C12-1
Added Pin To Net: NetName=+3.3V Pin=C13-1
Added Pin To Net: NetName=+3.3V Pin=J1-4
Added Pin To Net: NetName=+3.3V Pin=R5-2
Added Pin To Net: NetName=+3.3V Pin=R7-2
Added Pin To Net: NetName=+3.3V Pin=R10-2
Added Pin To Net: NetName=+3.3V Pin=U2-1
Added Pin To Net: NetName=+3.3V Pin=U3-1
Added Pin To Net: NetName=+3.3V Pin=U3-9
Added Pin To Net: NetName=+3.3V Pin=U3-24
Added Pin To Net: NetName=+3.3V Pin=U3-36
Added Pin To Net: NetName=+3.3V Pin=U3-48
Added Net: Name=+3.3V
Added Pin To Net: NetName=+3.7V Pin=C1-2
Added Pin To Net: NetName=+3.7V Pin=C4-2
Added Pin To Net: NetName=+3.7V Pin=L1-1
Added Pin To Net: NetName=+3.7V Pin=P1-1
Added Pin To Net: NetName=+3.7V Pin=P2-1
Added Pin To Net: NetName=+3.7V Pin=R4-2
Added Pin To Net: NetName=+3.7V Pin=U1-9
Added Pin To Net: NetName=+3.7V Pin=U1-10
Added Pin To Net: NetName=+3.7V Pin=U2-5
Added Net: Name=+3.7V
Added Pin To Net: NetName=+5V Pin=C2-2
Added Pin To Net: NetName=+5V Pin=J2-5
Added Pin To Net: NetName=+5V Pin=J3-1
Added Pin To Net: NetName=+5V Pin=R1-2
Added Pin To Net: NetName=+5V Pin=R3-1
Added Pin To Net: NetName=+5V Pin=U1-4
Added Pin To Net: NetName=+5V Pin=U4-6
Added Net: Name=+5V
Added Pin To Net: NetName=AUX Pin=U3-25
Added Pin To Net: NetName=AUX Pin=U4-5
Added Net: Name=AUX
Added Pin To Net: NetName=GND Pin=C1-1
Added Pin To Net: NetName=GND Pin=C2-1
Added Pin To Net: NetName=GND Pin=C3-1
Added Pin To Net: NetName=GND Pin=C4-1
Added Pin To Net: NetName=GND Pin=C5-1
Added Pin To Net: NetName=GND Pin=C6-1
Added Pin To Net: NetName=GND Pin=C7-1
Added Pin To Net: NetName=GND Pin=C8-2
Added Pin To Net: NetName=GND Pin=C9-2
Added Pin To Net: NetName=GND Pin=C10-2
Added Pin To Net: NetName=GND Pin=C11-2
Added Pin To Net: NetName=GND Pin=C12-2
Added Pin To Net: NetName=GND Pin=C13-2
Added Pin To Net: NetName=GND Pin=D1-2
Added Pin To Net: NetName=GND Pin=J1-3
Added Pin To Net: NetName=GND Pin=J2-6
Added Pin To Net: NetName=GND Pin=J3-4
Added Pin To Net: NetName=GND Pin=P1-2
Added Pin To Net: NetName=GND Pin=P2-2
Added Pin To Net: NetName=GND Pin=R2-1
Added Pin To Net: NetName=GND Pin=R6-1
Added Pin To Net: NetName=GND Pin=R9-2
Added Pin To Net: NetName=GND Pin=SW1-2
Added Pin To Net: NetName=GND Pin=U1-11
Added Pin To Net: NetName=GND Pin=U2-3
Added Pin To Net: NetName=GND Pin=U2-9
Added Pin To Net: NetName=GND Pin=U3-8
Added Pin To Net: NetName=GND Pin=U3-23
Added Pin To Net: NetName=GND Pin=U3-35
Added Pin To Net: NetName=GND Pin=U3-47
Added Pin To Net: NetName=GND Pin=U4-7
Added Pin To Net: NetName=GND Pin=U4-15
Added Pin To Net: NetName=GND Pin=U4-16
Added Pin To Net: NetName=GND Pin=U4-17
Added Net: Name=GND
Added Pin To Net: NetName=M0 Pin=J2-1
Added Pin To Net: NetName=M0 Pin=U3-19
Added Pin To Net: NetName=M0 Pin=U4-1
Added Net: Name=M0
Added Pin To Net: NetName=M1 Pin=J2-2
Added Pin To Net: NetName=M1 Pin=U3-20
Added Pin To Net: NetName=M1 Pin=U4-2
Added Net: Name=M1
Added Pin To Net: NetName=NetC3_2 Pin=C3-2
Added Pin To Net: NetName=NetC3_2 Pin=U1-6
Added Net: Name=NetC3_2
Added Pin To Net: NetName=NetC5_2 Pin=C5-2
Added Pin To Net: NetName=NetC5_2 Pin=R4-1
Added Pin To Net: NetName=NetC5_2 Pin=U2-6
Added Pin To Net: NetName=NetC5_2 Pin=U2-7
Added Pin To Net: NetName=NetC5_2 Pin=U2-8
Added Net: Name=NetC5_2
Added Pin To Net: NetName=NetD1_1 Pin=D1-1
Added Pin To Net: NetName=NetD1_1 Pin=R7-1
Added Net: Name=NetD1_1
Added Pin To Net: NetName=NetL1_2 Pin=L1-2
Added Pin To Net: NetName=NetL1_2 Pin=U1-1
Added Net: Name=NetL1_2
Added Pin To Net: NetName=NetL2_1 Pin=L2-1
Added Pin To Net: NetName=NetL2_1 Pin=U2-4
Added Net: Name=NetL2_1
Added Pin To Net: NetName=NetL2_2 Pin=L2-2
Added Pin To Net: NetName=NetL2_2 Pin=U2-2
Added Net: Name=NetL2_2
Added Pin To Net: NetName=NetR1_1 Pin=R1-1
Added Pin To Net: NetName=NetR1_1 Pin=R2-2
Added Pin To Net: NetName=NetR1_1 Pin=U1-7
Added Net: Name=NetR1_1
Added Pin To Net: NetName=NetR3_2 Pin=R3-2
Added Pin To Net: NetName=NetR3_2 Pin=U1-5
Added Net: Name=NetR3_2
Added Pin To Net: NetName=NetR5_1 Pin=R5-1
Added Pin To Net: NetName=NetR5_1 Pin=R6-2
Added Pin To Net: NetName=NetR5_1 Pin=U2-10
Added Net: Name=NetR5_1
Added Pin To Net: NetName=NetR9_1 Pin=R9-1
Added Pin To Net: NetName=NetR9_1 Pin=U3-44
Added Net: Name=NetR9_1
Added Pin To Net: NetName=NRST Pin=C10-1
Added Pin To Net: NetName=NRST Pin=R10-1
Added Pin To Net: NetName=NRST Pin=SW1-1
Added Pin To Net: NetName=NRST Pin=U3-7
Added Net: Name=NRST
Added Pin To Net: NetName=PD0 Pin=C8-1
Added Pin To Net: NetName=PD0 Pin=R8-2
Added Pin To Net: NetName=PD0 Pin=U3-5
Added Pin To Net: NetName=PD0 Pin=Y1-2
Added Net: Name=PD0
Added Pin To Net: NetName=PD1 Pin=C9-1
Added Pin To Net: NetName=PD1 Pin=R8-1
Added Pin To Net: NetName=PD1 Pin=U3-6
Added Pin To Net: NetName=PD1 Pin=Y1-1
Added Net: Name=PD1
Added Pin To Net: NetName=RXD1 Pin=J3-3
Added Pin To Net: NetName=RXD1 Pin=U3-31
Added Net: Name=RXD1
Added Pin To Net: NetName=RXD3 Pin=J2-4
Added Pin To Net: NetName=RXD3 Pin=U3-22
Added Pin To Net: NetName=RXD3 Pin=U4-4
Added Net: Name=RXD3
Added Pin To Net: NetName=SWCLK Pin=J1-1
Added Pin To Net: NetName=SWCLK Pin=U3-37
Added Net: Name=SWCLK
Added Pin To Net: NetName=SWDIO Pin=J1-2
Added Pin To Net: NetName=SWDIO Pin=U3-34
Added Net: Name=SWDIO
Added Pin To Net: NetName=TXD1 Pin=J3-2
Added Pin To Net: NetName=TXD1 Pin=U3-30
Added Net: Name=TXD1
Added Pin To Net: NetName=TXD3 Pin=J2-3
Added Pin To Net: NetName=TXD3 Pin=U3-21
Added Pin To Net: NetName=TXD3 Pin=U4-3
Added Net: Name=TXD3
Added Class: Name=LoRa
Added Room: Name=LoRa
