Change Component Designator: Old Designator=* New Designator=*1
Change Component Designator: Old Designator=* New Designator=*2
Change Component Designator: Old Designator= New Designator=1
Change Component Designator: Old Designator=C2 New Designator=C3
Change Component Designator: Old Designator=C3 New Designator=C5
Change Component Designator: Old Designator=C4 New Designator=C6
Change Component Designator: Old Designator=C5 New Designator=C7
Change Component Designator: Old Designator=C6 New Designator=C2
Change Component Designator: Old Designator=C7 New Designator=C4
Change Component Designator: Old Designator=C23 New Designator=C11
Change Component Designator: Old Designator=C24 New Designator=C12
Change Component Designator: Old Designator=C25 New Designator=C13
Change Component Designator: Old Designator=C26 New Designator=C14
Change Component Designator: Old Designator=C27 New Designator=C15
Change Component Designator: Old Designator=C28 New Designator=C16
Change Component Designator: Old Designator=C29 New Designator=C17
Change Component Designator: Old Designator=C30 New Designator=C18
Change Component Designator: Old Designator=C31 New Designator=C19
Change Component Designator: Old Designator=C32 New Designator=C20
Change Component Designator: Old Designator=C33 New Designator=C21
Change Component Designator: Old Designator=C34 New Designator=C22
Change Component Designator: Old Designator=D9 New Designator=D3
Change Component Designator: Old Designator=D10 New Designator=D4
Change Component Designator: Old Designator=D11 New Designator=D5
Change Component Designator: Old Designator=D12 New Designator=D6
Change Component Designator: Old Designator=D13 New Designator=D7
Change Component Designator: Old Designator=R1 New Designator=R3
Change Component Designator: Old Designator=R3 New Designator=R1
Change Component Designator: Old Designator=R24 New Designator=R14
Change Component Designator: Old Designator=R25 New Designator=R15
Change Component Designator: Old Designator=R26 New Designator=R16
Change Component Designator: Old Designator=R27 New Designator=R17
Change Component Designator: Old Designator=R30 New Designator=R18
Change Component Designator: Old Designator=R31 New Designator=R19
Change Component Designator: Old Designator=R32 New Designator=R20
Change Component Designator: Old Designator=R33 New Designator=R21
Change Component Designator: Old Designator=R36 New Designator=R22
Change Component Designator: Old Designator=R37 New Designator=R23
Change Component Designator: Old Designator=R38 New Designator=R24
Change Component Designator: Old Designator=R39 New Designator=R25
Change Component Designator: Old Designator=SW1 New Designator=SW2
Change Component Designator: Old Designator=SW2 New Designator=SW1
Change Component Designator: Old Designator=U2 New Designator=U3
Change Component Designator: Old Designator=U3 New Designator=U2
