Removed Pin From Net: NetName=GND Pin=P1-6
Removed Pin From Net: NetName=Relay_IN Pin=P1-7
Removed Pin From Net: NetName=Relay_OUT Pin=P1-8
Removed Pin From Net: NetName=+5V Pin=P1-9
Removed Pin From Net: NetName=GND Pin=P1-10
Removed Pin From Net: NetName=GND Pin=P2-3
Removed Pin From Net: NetName=DO1 Pin=P2-4
Removed Pin From Net: NetName=DO2 Pin=P2-5
Removed Pin From Net: NetName=GND Pin=P2-6
Removed Pin From Net: NetName=+5V Pin=P2-7
Removed Pin From Net: NetName=GND Pin=P2-8
Removed Pin From Net: NetName=+12V Pin=P2-9
Removed Pin From Net: NetName=GND Pin=P2-10
Removed Pin From Net: NetName=+5V Pin=P4-1
Removed Pin From Net: NetName=RXD1 Pin=P4-2
Removed Pin From Net: NetName=TXD1 Pin=P4-3
Removed Pin From Net: NetName=GND Pin=P4-4
Removed Member From Class: ClassName=LoRa_Node Member=P4
Added Pin To Net: NetName=Relay_IN Pin=P1-6
Added Pin To Net: NetName=Relay_OUT Pin=P1-7
Added Pin To Net: NetName=GND Pin=P1-8
Added Pin To Net: NetName=GND Pin=P1-9
Added Pin To Net: NetName=+12V Pin=P1-10
Added Pin To Net: NetName=DO1 Pin=P2-3
Added Pin To Net: NetName=DO2 Pin=P2-4
Added Pin To Net: NetName=GND Pin=P2-5
Added Pin To Net: NetName=+5V Pin=P2-6
Added Pin To Net: NetName=GND Pin=P2-7
Added Pin To Net: NetName=TXD1 Pin=P2-8
Added Pin To Net: NetName=RXD1 Pin=P2-9
Added Pin To Net: NetName=+5V Pin=P2-10
Added Room: Name=LoRa_Node
