Added Member To Class: ClassName=LoRa_Node Member=Component ANTENNA1 Active antenna
Added Member To Class: ClassName=LoRa_Node Member=Component C1 Cap8
Added Member To Class: ClassName=LoRa_Node Member=Component C2 Cap15
Added Member To Class: ClassName=LoRa_Node Member=Component C3 Cap16
Added Member To Class: ClassName=LoRa_Node Member=Component C4 Cap17
Added Member To Class: ClassName=LoRa_Node Member=Component C5 Cap9
Added Member To Class: ClassName=LoRa_Node Member=Component C6 Cap18
Added Member To Class: ClassName=LoRa_Node Member=Component C7 Cap11
Added Member To Class: ClassName=LoRa_Node Member=Component C8 Cap12
Added Member To Class: ClassName=LoRa_Node Member=Component C9 Cap13
Added Member To Class: ClassName=LoRa_Node Member=Component C10 Cap10
Added Member To Class: ClassName=LoRa_Node Member=Component C11 
Added Member To Class: ClassName=LoRa_Node Member=Component C12 Cap
Added Member To Class: ClassName=LoRa_Node Member=Component C13 
Added Member To Class: ClassName=LoRa_Node Member=Component C14 Cap
Added Member To Class: ClassName=LoRa_Node Member=Component C15 
Added Member To Class: ClassName=LoRa_Node Member=Component C16 Cap
Added Member To Class: ClassName=LoRa_Node Member=Component C17 
Added Member To Class: ClassName=LoRa_Node Member=Component C18 Cap
Added Member To Class: ClassName=LoRa_Node Member=Component C19 100uF
Added Member To Class: ClassName=LoRa_Node Member=Component C20 
Added Member To Class: ClassName=LoRa_Node Member=Component C21 
Added Member To Class: ClassName=LoRa_Node Member=Component C22 1000uF
Added Member To Class: ClassName=LoRa_Node Member=Component D1 LED1
Added Member To Class: ClassName=LoRa_Node Member=Component D2 S-SZA12A
Added Member To Class: ClassName=LoRa_Node Member=Component D3 SM2T3V3A
Added Member To Class: ClassName=LoRa_Node Member=Component D4 SM2T3V3A
Added Member To Class: ClassName=LoRa_Node Member=Component D5 SM2T3V3A
Added Member To Class: ClassName=LoRa_Node Member=Component D6 SM2T3V3A
Added Member To Class: ClassName=LoRa_Node Member=Component D7 1N5822
Added Member To Class: ClassName=LoRa_Node Member=Component K1 32F/012-HS(551)
Added Member To Class: ClassName=LoRa_Node Member=Component L1 Inductor3
Added Member To Class: ClassName=LoRa_Node Member=Component L2 Inductor
Added Member To Class: ClassName=LoRa_Node Member=Component P1 A-R
Added Member To Class: ClassName=LoRa_Node Member=Component P2 D-V
Added Member To Class: ClassName=LoRa_Node Member=Component P3 Header 4
Added Member To Class: ClassName=LoRa_Node Member=Component P4 Header 4
Added Member To Class: ClassName=LoRa_Node Member=Component P5 LoRa
Added Member To Class: ClassName=LoRa_Node Member=Component P6 GPS
Added Member To Class: ClassName=LoRa_Node Member=Component Q1 SI2302
Added Member To Class: ClassName=LoRa_Node Member=Component Q2 FMMT493
Added Member To Class: ClassName=LoRa_Node Member=Component R1 Res11
Added Member To Class: ClassName=LoRa_Node Member=Component R2 Res9
Added Member To Class: ClassName=LoRa_Node Member=Component R3 Res8
Added Member To Class: ClassName=LoRa_Node Member=Component R4 Res10
Added Member To Class: ClassName=LoRa_Node Member=Component R5 Res1
Added Member To Class: ClassName=LoRa_Node Member=Component R6 Res1
Added Member To Class: ClassName=LoRa_Node Member=Component R7 Res1
Added Member To Class: ClassName=LoRa_Node Member=Component R8 Res1
Added Member To Class: ClassName=LoRa_Node Member=Component R9 Res1
Added Member To Class: ClassName=LoRa_Node Member=Component R10 Res1
Added Member To Class: ClassName=LoRa_Node Member=Component R11 Res1
Added Member To Class: ClassName=LoRa_Node Member=Component R12 Res1
Added Member To Class: ClassName=LoRa_Node Member=Component R13 Res11
Added Member To Class: ClassName=LoRa_Node Member=Component R14 Res11
Added Member To Class: ClassName=LoRa_Node Member=Component R15 Res1
Added Member To Class: ClassName=LoRa_Node Member=Component R16 Res1
Added Member To Class: ClassName=LoRa_Node Member=Component R17 Res1
Added Member To Class: ClassName=LoRa_Node Member=Component R18 Res1
Added Member To Class: ClassName=LoRa_Node Member=Component R19 Res1
Added Member To Class: ClassName=LoRa_Node Member=Component R20 Res1
Added Member To Class: ClassName=LoRa_Node Member=Component R21 Res1
Added Member To Class: ClassName=LoRa_Node Member=Component R22 Res1
Added Member To Class: ClassName=LoRa_Node Member=Component R23 Res1
Added Member To Class: ClassName=LoRa_Node Member=Component R24 Res1
Added Member To Class: ClassName=LoRa_Node Member=Component R25 Res1
Added Member To Class: ClassName=LoRa_Node Member=Component R26 Res1
Added Member To Class: ClassName=LoRa_Node Member=Component SW1 SW-1
Added Member To Class: ClassName=LoRa_Node Member=Component SW2 SW-1
Added Member To Class: ClassName=LoRa_Node Member=Component U1 STM32F103C8T6
Added Member To Class: ClassName=LoRa_Node Member=Component U2 UM220-III N
Added Member To Class: ClassName=LoRa_Node Member=Component U3 E22-400T30S
Added Member To Class: ClassName=LoRa_Node Member=Component U4 TIL193
Added Member To Class: ClassName=LoRa_Node Member=Component U5 LM324AN
Added Member To Class: ClassName=LoRa_Node Member=Component U6 LM2576SX-5.0/NOPB
Added Member To Class: ClassName=LoRa_Node Member=Component U7 ASM1117-3.3V
Added Member To Class: ClassName=LoRa_Node Member=Component Y1 8MHz
